<?xml version="1.0" encoding="UTF-8"?>
<!-- Generated by org.testng.reporters.JUnitReportReporter -->
<testsuite hostname="Parthys-MacBook-Pro.local" name="TestMe" tests="3" failures="0" timestamp="9 Mar 2015 01:08:11 GMT" time="0.088" errors="0">
  <testcase name="eigenTrustRefactorSanity" time="0.087" classname="TestMe"/>
  <testcase name="eigenvectorSanityTest_Lian_UCSB" time="0.001" classname="TestMe"/>
  <testcase name="markovChainSanityTestFromWikipedia" time="0.000" classname="TestMe"/>
</testsuite> <!-- TestMe -->
